\BOOKMARK [1][-]{Indice General.1}{Indice General}{}% 1
\BOOKMARK [0][-]{chapter*.5}{\315ndice de figuras}{}% 2
\BOOKMARK [0][-]{chapter*.6}{\315ndice de tablas}{}% 3
\BOOKMARK [0][-]{chapter.1}{1 Introducci\363n}{}% 4
\BOOKMARK [1][-]{section.1.1}{1.1 Objetivos y estructura del documento}{chapter.1}% 5
\BOOKMARK [0][-]{chapter.2}{2 Marco te\363rico}{}% 6
\BOOKMARK [1][-]{section.2.1}{2.1 Descripci\363n}{chapter.2}% 7
\BOOKMARK [1][-]{section.2.2}{2.2 Panel Fotovoltaico}{chapter.2}% 8
\BOOKMARK [2][-]{subsection.2.2.1}{2.2.1 Curvas Corriente-Tensi\363n\(I-V\) para un PV }{section.2.2}% 9
\BOOKMARK [2][-]{subsection.2.2.2}{2.2.2 Modelos del panel fotovoltaico}{section.2.2}% 10
\BOOKMARK [1][-]{section.2.3}{2.3 Algoritmo de CORDIC}{chapter.2}% 11
\BOOKMARK [2][-]{subsection.2.3.1}{2.3.1 Sistema de coordenadas hiperb\363lico}{section.2.3}% 12
\BOOKMARK [2][-]{subsection.2.3.2}{2.3.2 Logaritmo natural utilizando el algoritmo hiperb\363lico de CORDIC}{section.2.3}% 13
\BOOKMARK [2][-]{subsection.2.3.3}{2.3.3 Exponencial utilizando el algoritmo hiperb\363lico de CORDIC }{section.2.3}% 14
\BOOKMARK [1][-]{section.2.4}{2.4 Punto flotante}{chapter.2}% 15
\BOOKMARK [1][-]{section.2.5}{2.5 Referencias bibliogr\341ficas}{chapter.2}% 16
\BOOKMARK [0][-]{chapter.3}{3 Sistema de linealizaci\363n}{}% 17
\BOOKMARK [1][-]{section.3.1}{3.1 Algoritmo de CORDIC en software}{chapter.3}% 18
\BOOKMARK [1][-]{section.3.2}{3.2 Arquitectura del algoritmo de CORDIC}{chapter.3}% 19
\BOOKMARK [1][-]{section.3.3}{3.3 Control}{chapter.3}% 20
\BOOKMARK [1][-]{section.3.4}{3.4 algoritmo de CORDIC en Verilog}{chapter.3}% 21
\BOOKMARK [1][-]{section.3.5}{3.5 Simulaci\363n del algoritmo de CORDIC}{chapter.3}% 22
\BOOKMARK [0][-]{chapter.4}{4 Sistema de normalizaci\363n}{}% 23
\BOOKMARK [1][-]{section.4.1}{4.1 Arquitectura}{chapter.4}% 24
\BOOKMARK [1][-]{section.4.2}{4.2 Control}{chapter.4}% 25
\BOOKMARK [1][-]{section.4.3}{4.3 Normalizaci\363n en verilog}{chapter.4}% 26
\BOOKMARK [1][-]{section.4.4}{4.4 Simulaci\363n normalizador}{chapter.4}% 27
