#-----------------------------------------------------------
# Vivado v2015.4 (64-bit)
# SW Build 1412921 on Wed Nov 18 09:43:45 MST 2015
# IP Build 1412160 on Tue Nov 17 13:47:24 MST 2015
# Start of session at: Thu Mar 03 06:09:33 2016
# Process ID: 3412
# Current directory: C:/Users/Adrián/Desktop/Proyecto_Graduacion/CORDIC_LN_1
# Command line: vivado.exe -gui_launcher_event rodinguilauncherevent3236 C:\Users\Adrián\Desktop\Proyecto_Graduacion\CORDIC_LN_1\CORDIC_LN_1.xpr
# Log file: C:/Users/Adrián/Desktop/Proyecto_Graduacion/CORDIC_LN_1/vivado.log
# Journal file: C:/Users/Adrián/Desktop/Proyecto_Graduacion/CORDIC_LN_1\vivado.jou
#-----------------------------------------------------------
start_gui
open_project C:/Users/Adrián/Desktop/Proyecto_Graduacion/CORDIC_LN_1/CORDIC_LN_1.xpr
INFO: [Project 1-313] Project file moved from 'D:/CORDIC_LN_1' since last save.
CRITICAL WARNING: [Project 1-311] Could not find the file 'C:/Users/Adrián/Desktop/Proyecto_Graduacion/proyecto/Proyecto_De_Graduacion-master/Coprocesador_CORDIC_RTL/d_ff_en.v', nor could it be found using path 'D:/proyecto/Proyecto_De_Graduacion-master/Coprocesador_CORDIC_RTL/d_ff_en.v'.
CRITICAL WARNING: [Project 1-311] Could not find the file 'C:/Users/Adrián/Desktop/Proyecto_Graduacion/proyecto/Proyecto_De_Graduacion-master/Coprocesador_CORDIC_RTL/Mux_2x1.v', nor could it be found using path 'D:/proyecto/Proyecto_De_Graduacion-master/Coprocesador_CORDIC_RTL/Mux_2x1.v'.
CRITICAL WARNING: [Project 1-311] Could not find the file 'C:/Users/Adrián/Desktop/Proyecto_Graduacion/proyecto/Proyecto_De_Graduacion-master/Coprocesador_CORDIC_RTL/CORDIC_FSM.v', nor could it be found using path 'D:/proyecto/Proyecto_De_Graduacion-master/Coprocesador_CORDIC_RTL/CORDIC_FSM.v'.
CRITICAL WARNING: [Project 1-311] Could not find the file 'C:/Users/Adrián/Desktop/Proyecto_Graduacion/proyecto/Proyecto_De_Graduacion-master/Coprocesador_CORDIC_RTL/Op_Select.v', nor could it be found using path 'D:/proyecto/Proyecto_De_Graduacion-master/Coprocesador_CORDIC_RTL/Op_Select.v'.
CRITICAL WARNING: [Project 1-311] Could not find the file 'C:/Users/Adrián/Desktop/Proyecto_Graduacion/proyecto/Proyecto_De_Graduacion-master/Coprocesador_CORDIC_RTL/sign_inverter.v', nor could it be found using path 'D:/proyecto/Proyecto_De_Graduacion-master/Coprocesador_CORDIC_RTL/sign_inverter.v'.
CRITICAL WARNING: [Project 1-311] Could not find the file 'C:/Users/Adrián/Desktop/Proyecto_Graduacion/proyecto/Proyecto_De_Graduacion-master/Coprocesador_CORDIC_RTL/Simple_Subt.v', nor could it be found using path 'D:/proyecto/Proyecto_De_Graduacion-master/Coprocesador_CORDIC_RTL/Simple_Subt.v'.
CRITICAL WARNING: [Project 1-311] Could not find the file 'C:/Users/Adrián/Desktop/Proyecto_Graduacion/proyecto/Proyecto_De_Graduacion-master/Coprocesador_CORDIC_RTL/univ_bin_counter.v', nor could it be found using path 'D:/proyecto/Proyecto_De_Graduacion-master/Coprocesador_CORDIC_RTL/univ_bin_counter.v'.
CRITICAL WARNING: [Project 1-311] Could not find the file 'C:/Users/Adrián/Desktop/Proyecto_Graduacion/proyecto/Proyecto_De_Graduacion-master/Coprocesador_CORDIC_RTL/Mux_3x1.v', nor could it be found using path 'D:/proyecto/Proyecto_De_Graduacion-master/Coprocesador_CORDIC_RTL/Mux_3x1.v'.
Scanning sources...
Finished scanning sources
INFO: [IP_Flow 19-234] Refreshing IP repositories
INFO: [IP_Flow 19-1704] No user IP repositories specified
INFO: [IP_Flow 19-2313] Loaded Vivado IP repository 'C:/Xilinx/Vivado/2015.4/data/ip'.
open_project: Time (s): cpu = 00:00:50 ; elapsed = 00:00:33 . Memory (MB): peak = 694.410 ; gain = 154.199
update_compile_order -fileset sources_1
update_compile_order -fileset sim_1
update_compile_order -fileset sources_1
update_compile_order -fileset sources_1
exit
INFO: [Common 17-206] Exiting Vivado at Thu Mar 03 06:16:04 2016...
